Flutter crash report.
Please report a bug at https://github.com/flutter/flutter/issues.

## command

flutter run

## exception

FileSystemException: FileSystemException: Exists failed, path = 'C:\Users\Asus\OneDrive\Documents\App Development\firstapp\assets\files\' (OS Error: The filename, directory name, or volume label syntax is incorrect.
, errno = 123)

```
#0      _Directory.existsSync (dart:io/directory_impl.dart:94:7)
#1      ForwardingFileSystemEntity.existsSync (package:file/src/forwarding/forwarding_file_system_entity.dart:43:33)
#2      ErrorHandlingDirectory.existsSync.<anonymous closure> (package:flutter_tools/src/base/error_handling_io.dart:497:22)
#3      _runSync (package:flutter_tools/src/base/error_handling_io.dart:597:14)
#4      ErrorHandlingDirectory.existsSync (package:flutter_tools/src/base/error_handling_io.dart:496:12)
#5      ManifestAssetBundle._parseAssetsFromFolder (package:flutter_tools/src/asset.dart:818:47)
#6      ManifestAssetBundle._parseAssets (package:flutter_tools/src/asset.dart:741:9)
#7      ManifestAssetBundle.build (package:flutter_tools/src/asset.dart:261:54)
<asynchronous suspension>
#8      ResidentWebRunner._updateDevFS (package:flutter_tools/src/isolated/resident_web_runner.dart:470:26)
<asynchronous suspension>
#9      ResidentWebRunner.run.<anonymous closure> (package:flutter_tools/src/isolated/resident_web_runner.dart:283:41)
<asynchronous suspension>
#10     asyncGuard.<anonymous closure> (package:flutter_tools/src/base/async_guard.dart:111:24)
<asynchronous suspension>
```

## flutter doctor

```
[✓] Flutter (Channel stable, 3.3.10, on Microsoft Windows [Version 10.0.22621.1555], locale en-IN)
    • Flutter version 3.3.10 on channel stable at C:\src\flutter
    • Upstream repository https://github.com/flutter/flutter.git
    • Framework revision 135454af32 (4 months ago), 2022-12-15 07:36:55 -0800
    • Engine revision 3316dd8728
    • Dart version 2.18.6
    • DevTools version 2.15.0

[✓] Android toolchain - develop for Android devices (Android SDK version 33.0.1)
    • Android SDK at C:\Users\Asus\AppData\Local\Android\sdk
    • Platform android-33, build-tools 33.0.1
    • Java binary at: C:\Program Files\Android\Android Studio\jre\bin\java
    • Java version OpenJDK Runtime Environment (build 11.0.13+0-b1751.21-8125866)
    • All Android licenses accepted.

[✓] Chrome - develop for the web
    • Chrome at C:\Program Files (x86)\Google\Chrome\Application\chrome.exe

[!] Visual Studio - develop for Windows (Visual Studio Build Tools 2019 16.11.23)
    • Visual Studio at C:\Program Files (x86)\Microsoft Visual Studio\2019\BuildTools
    • Visual Studio Build Tools 2019 version 16.11.33214.272
    ✗ The current Visual Studio installation is incomplete. Please reinstall Visual Studio.

[✓] Android Studio (version 2021.3)
    • Android Studio at C:\Program Files\Android\Android Studio
    • Flutter plugin can be installed from:
      🔨 https://plugins.jetbrains.com/plugin/9212-flutter
    • Dart plugin can be installed from:
      🔨 https://plugins.jetbrains.com/plugin/6351-dart
    • Java version OpenJDK Runtime Environment (build 11.0.13+0-b1751.21-8125866)

[✓] Connected device (3 available)
    • Windows (desktop) • windows • windows-x64    • Microsoft Windows [Version 10.0.22621.1555]
    • Chrome (web)      • chrome  • web-javascript • Google Chrome 111.0.5563.149
    • Edge (web)        • edge    • web-javascript • Microsoft Edge 112.0.1722.34

[✓] HTTP Host Availability
    • All required HTTP hosts are available

! Doctor found issues in 1 category.
```
